{
  "RSpec": {
    "coverage": {
      "/Users/l/rp/apollo/spec/support/user_authentication_helper.rb": [
        1,
        null,
        1,
        21,
        null,
        null,
        1,
        4,
        null,
        null,
        1,
        13,
        13,
        13,
        13,
        null,
        null,
        1,
        21,
        21,
        21,
        21,
        null,
        null,
        null
      ],
      "/Users/l/rp/apollo/app/controllers/help_requests_controller.rb": [
        1,
        null,
        1,
        1,
        1,
        null,
        1,
        24,
        24,
        null,
        null,
        1,
        6,
        6,
        6,
        4,
        null,
        null,
        2,
        2,
        2,
        null,
        null,
        null,
        1,
        3,
        1,
        null,
        2,
        2,
        null,
        null,
        null,
        1,
        3,
        3,
        null,
        null,
        0,
        0,
        null,
        null,
        null,
        null,
        1,
        1,
        9,
        null,
        null,
        1,
        8,
        8,
        null,
        null,
        1,
        36,
        null,
        null,
        null
      ],
      "/Users/l/rp/apollo/app/controllers/application_controller.rb": [
        1,
        null,
        null,
        1,
        null,
        1,
        76,
        7,
        null,
        null,
        null,
        1,
        693,
        null,
        1,
        null,
        1,
        504,
        null,
        1,
        null,
        null,
        null,
        null,
        1,
        140,
        4,
        null,
        null,
        null,
        1,
        599,
        null,
        1,
        null,
        null
      ],
      "/Users/l/rp/apollo/spec/controllers/home_controller_spec.rb": [
        1,
        null,
        1,
        null,
        8,
        8,
        8,
        8,
        null,
        1,
        1,
        1,
        1,
        null,
        null,
        null,
        1,
        1,
        1,
        2,
        null,
        1,
        1,
        1,
        null,
        null,
        1,
        1,
        1,
        null,
        null,
        null,
        1,
        1,
        1,
        1,
        null,
        null,
        null,
        null,
        1,
        1,
        1,
        2,
        null,
        1,
        1,
        1,
        1,
        null,
        null,
        1,
        1,
        1,
        null,
        null,
        null,
        1,
        1,
        1,
        1,
        null,
        null,
        null,
        null,
        null
      ],
      "/Users/l/rp/apollo/app/controllers/home_controller.rb": [
        1,
        1,
        1,
        null,
        1,
        null,
        null,
        null,
        1,
        46,
        46,
        null,
        null,
        1,
        31,
        null,
        null,
        null,
        null,
        null,
        null,
        null
      ],
      "/Users/l/rp/apollo/spec/controllers/sessions_controller_spec.rb": [
        1,
        null,
        1,
        10,
        10,
        null,
        1,
        1,
        1,
        1,
        null,
        null,
        1,
        1,
        1,
        null,
        null,
        null,
        1,
        1,
        1,
        1,
        null,
        null,
        1,
        1,
        1,
        null,
        null,
        null,
        1,
        1,
        null,
        1,
        3,
        null,
        null,
        null,
        1,
        1,
        1,
        null,
        null,
        1,
        1,
        1,
        null,
        null,
        1,
        1,
        1,
        null,
        null,
        null,
        1,
        null,
        1,
        3,
        null,
        null,
        null,
        1,
        1,
        1,
        null,
        null,
        1,
        1,
        1,
        null,
        null,
        1,
        1,
        1,
        null,
        null,
        null,
        1,
        null,
        1,
        3,
        null,
        null,
        null,
        1,
        1,
        1,
        null,
        null,
        1,
        1,
        1,
        null,
        null,
        1,
        1,
        1,
        null,
        null,
        1,
        null,
        1,
        3,
        null,
        null,
        null,
        1,
        1,
        1,
        null,
        null,
        1,
        1,
        1,
        null,
        null,
        1,
        1,
        1,
        null,
        null,
        null,
        null,
        null,
        1,
        1,
        3,
        3,
        null,
        null,
        1,
        1,
        null,
        null,
        1,
        1,
        null,
        null,
        1,
        1,
        null,
        null,
        1,
        1,
        3,
        3,
        null,
        null,
        1,
        1,
        null,
        null,
        1,
        1,
        null,
        null,
        1,
        1,
        null,
        null,
        null
      ],
      "/Users/l/rp/apollo/app/controllers/sessions_controller.rb": [
        1,
        null,
        1,
        18,
        null,
        null,
        1,
        25,
        null,
        null,
        1,
        48,
        48,
        null,
        48,
        17,
        17,
        31,
        25,
        25,
        6,
        3,
        3,
        3,
        3,
        3,
        null,
        null,
        null,
        1,
        7,
        7,
        null,
        null,
        1,
        1,
        1,
        null,
        null
      ],
      "/Users/l/rp/apollo/spec/controllers/students_controller_spec.rb": [
        1,
        null,
        1,
        1,
        1,
        1,
        1,
        null,
        null,
        1,
        1,
        1,
        null,
        null,
        null,
        1,
        1,
        1,
        3,
        null,
        null,
        null,
        null,
        null,
        null,
        null,
        1,
        4,
        null,
        null,
        1,
        1,
        1,
        null,
        null,
        1,
        1,
        1,
        null,
        null,
        null,
        1,
        1,
        3,
        null,
        null,
        null,
        null,
        null,
        null,
        1,
        4,
        null,
        null,
        1,
        1,
        1,
        null,
        null,
        1,
        1,
        1,
        null,
        null,
        null,
        null,
        null
      ],
      "/Users/l/rp/apollo/app/controllers/students_controller.rb": [
        1,
        1,
        2,
        null,
        null,
        1,
        6,
        6,
        3,
        3,
        null,
        3,
        3,
        null,
        null,
        null,
        1,
        null,
        1,
        6,
        null,
        null,
        null,
        null
      ],
      "/Users/l/rp/apollo/spec/controllers/ta_help_request_controller_spec.rb": [
        1,
        null,
        1,
        null,
        6,
        5,
        6,
        null,
        1,
        1,
        1,
        1,
        1,
        null,
        null,
        null,
        null,
        1,
        2,
        1,
        1,
        1,
        1,
        null,
        null,
        null,
        1,
        1,
        3,
        1,
        1,
        0,
        null,
        null,
        null,
        null,
        null,
        null,
        null,
        1,
        2,
        null,
        1,
        1,
        null,
        null,
        null,
        1,
        1,
        1,
        null,
        null,
        1,
        4,
        null,
        null,
        null,
        null,
        null,
        null,
        1,
        2,
        2,
        1,
        null,
        null,
        null,
        null,
        null,
        1,
        1,
        4,
        null,
        null,
        null,
        null,
        null
      ],
      "/Users/l/rp/apollo/app/controllers/ta_help_requests_controller.rb": [
        1,
        null,
        1,
        1,
        null,
        1,
        44,
        null,
        44,
        null,
        1,
        44,
        null,
        44,
        null,
        1,
        2,
        2,
        null,
        null,
        0,
        0,
        null,
        null,
        null,
        1,
        0,
        0,
        null,
        0,
        0,
        null,
        null,
        null,
        1,
        1,
        2,
        null,
        1,
        2,
        2,
        null,
        null
      ],
      "/Users/l/rp/apollo/spec/controllers/ta_users_controller_spec.rb": [
        1,
        null,
        1,
        1,
        1,
        1,
        1,
        null,
        null,
        1,
        1,
        1,
        null,
        null,
        null,
        1,
        1,
        1,
        3,
        null,
        null,
        null,
        null,
        null,
        null,
        null,
        1,
        4,
        null,
        null,
        1,
        1,
        1,
        null,
        null,
        1,
        1,
        1,
        null,
        null,
        null,
        1,
        1,
        3,
        null,
        null,
        null,
        null,
        null,
        null,
        1,
        4,
        null,
        null,
        1,
        1,
        1,
        null,
        null,
        1,
        1,
        1,
        null,
        null,
        null,
        null,
        null
      ],
      "/Users/l/rp/apollo/app/controllers/ta_users_controller.rb": [
        1,
        1,
        2,
        null,
        null,
        1,
        6,
        6,
        3,
        3,
        null,
        3,
        3,
        null,
        null,
        null,
        1,
        0,
        0,
        0,
        null,
        0,
        0,
        null,
        null,
        null,
        1,
        null,
        1,
        6,
        null,
        null,
        null,
        null,
        null
      ],
      "/Users/l/rp/apollo/spec/features/help_request_spec.rb": [
        1,
        null,
        1,
        1,
        10,
        8,
        10,
        1,
        1,
        1,
        null,
        null,
        1,
        1,
        1,
        null,
        null,
        1,
        8,
        8,
        8,
        null,
        1,
        1,
        null,
        null,
        1,
        1,
        null,
        null,
        1,
        1,
        null,
        null,
        1,
        1,
        null,
        null,
        1,
        1,
        null,
        null,
        1,
        1,
        null,
        null,
        1,
        1,
        null,
        null,
        null,
        null,
        1,
        1,
        4,
        4,
        4,
        4,
        1,
        null,
        1,
        1,
        null,
        1,
        1,
        1,
        1,
        null,
        1,
        1,
        1,
        null,
        1,
        1,
        null,
        1,
        1,
        1,
        null,
        1,
        1,
        1,
        1,
        null,
        null,
        null,
        1,
        2,
        1,
        1,
        1,
        null,
        null,
        null,
        null
      ],
      "/Users/l/rp/apollo/spec/features/sessions_spec.rb": [
        1,
        null,
        1,
        1,
        3,
        null,
        1,
        1,
        1,
        1,
        1,
        1,
        null,
        null,
        1,
        1,
        1,
        1,
        null,
        null,
        null,
        1,
        3,
        null,
        1,
        1,
        1,
        1,
        1,
        1,
        null,
        null,
        1,
        1,
        1,
        1,
        null,
        null,
        null,
        null
      ],
      "/Users/l/rp/apollo/spec/features/ta_help_request_spec.rb": [
        1,
        null,
        1,
        null,
        1,
        10,
        10,
        10,
        10,
        null,
        1,
        1,
        null,
        null,
        1,
        1,
        null,
        null,
        1,
        1,
        null,
        null,
        1,
        1,
        null,
        null,
        1,
        6,
        null,
        1,
        1,
        null,
        null,
        1,
        1,
        null,
        null,
        1,
        1,
        null,
        null,
        1,
        1,
        null,
        null,
        1,
        1,
        null,
        null,
        null,
        null,
        1,
        3,
        3,
        7,
        12,
        12,
        12,
        1,
        null,
        1,
        1,
        1,
        null,
        null,
        1,
        1,
        1,
        1,
        null,
        null,
        null
      ],
      "/Users/l/rp/apollo/spec/models/help_request_spec.rb": [
        1,
        null,
        1,
        null,
        1,
        3,
        null,
        null,
        null,
        3,
        null,
        null,
        1,
        null,
        1,
        1,
        1,
        null,
        null,
        null,
        null,
        1,
        null,
        1,
        1,
        1,
        null,
        null,
        1,
        1,
        1,
        null,
        null,
        null,
        null,
        null
      ],
      "/Users/l/rp/apollo/app/models/help_request.rb": [
        1,
        1,
        1,
        1,
        null,
        1,
        42,
        null,
        null
      ],
      "/Users/l/rp/apollo/spec/models/student_spec.rb": [
        1,
        null,
        1,
        1,
        10,
        null,
        null,
        null,
        10,
        null,
        null,
        1,
        1,
        1,
        1,
        null,
        null,
        1,
        1,
        1,
        1,
        null,
        null,
        1,
        1,
        1,
        null,
        null,
        null,
        1,
        1,
        1,
        1,
        1,
        null,
        null,
        1,
        1,
        null,
        1,
        null,
        null,
        null,
        1,
        1,
        1,
        1,
        1,
        null,
        null,
        null,
        null,
        null,
        null
      ],
      "/Users/l/rp/apollo/app/models/student.rb": [
        1,
        1,
        1,
        null,
        1,
        null,
        null,
        1,
        140,
        139,
        null,
        1,
        null,
        null,
        null
      ],
      "/Users/l/rp/apollo/app/validators/email_format_validator.rb": [
        1,
        null,
        1,
        null,
        1,
        178,
        null,
        10,
        null,
        178,
        null,
        null,
        null
      ],
      "/Users/l/rp/apollo/spec/models/ta_user_spec.rb": [
        1,
        null,
        1,
        1,
        10,
        null,
        null,
        null,
        10,
        null,
        null,
        1,
        1,
        1,
        1,
        null,
        null,
        1,
        1,
        1,
        1,
        null,
        null,
        1,
        1,
        1,
        null,
        null,
        null,
        1,
        1,
        1,
        1,
        1,
        null,
        null,
        1,
        1,
        null,
        1,
        null,
        null,
        null,
        1,
        1,
        1,
        1,
        1,
        null,
        null,
        null,
        null,
        null,
        null
      ],
      "/Users/l/rp/apollo/app/models/ta_user.rb": [
        1,
        1,
        1,
        18,
        null,
        1,
        null,
        null,
        56,
        null,
        1,
        19,
        18,
        null,
        1,
        null,
        null,
        null
      ],
      "/Users/l/rp/apollo/app/serializers/help_request_serializer.rb": [
        1,
        1,
        null,
        1,
        108,
        null,
        1,
        108,
        null,
        1,
        108,
        null,
        1,
        108,
        null,
        null,
        null,
        null
      ],
      "/Users/l/rp/apollo/app/serializers/user_serializer.rb": [
        1,
        1,
        null,
        1,
        null
      ],
      "/Users/l/rp/apollo/app/serializers/ta_serializer.rb": [
        1,
        1,
        null,
        1,
        null
      ]
    },
    "timestamp": 1425529870
  }
}
