{
  "RSpec": {
    "coverage": {
      "/Users/l/rp/apollo/spec/support/user_authentication_helper.rb": [
        1,
        null,
        1,
        21,
        null,
        null,
        1,
        4,
        null,
        null,
        1,
        13,
        13,
        13,
        13,
        null,
        null,
        1,
        12,
        12,
        12,
        12,
        null,
        null,
        null
      ],
      "/Users/l/rp/apollo/app/controllers/help_requests_controller.rb": [
        1,
        null,
        1,
        1,
        1,
        null,
        1,
        24,
        24,
        null,
        null,
        1,
        6,
        6,
        6,
        4,
        null,
        null,
        2,
        2,
        2,
        null,
        null,
        null,
        1,
        3,
        1,
        null,
        2,
        2,
        null,
        null,
        null,
        1,
        3,
        3,
        null,
        null,
        0,
        0,
        null,
        null,
        null,
        null,
        1,
        1,
        9,
        null,
        null,
        1,
        8,
        8,
        null,
        null,
        1,
        36,
        null,
        null,
        null
      ],
      "/Users/l/rp/apollo/app/controllers/application_controller.rb": [
        1,
        null,
        null,
        1,
        null,
        1,
        76,
        7,
        null,
        null,
        null,
        1,
        512,
        null,
        1,
        null,
        1,
        350,
        null,
        1,
        null,
        null,
        null,
        null,
        1,
        90,
        4,
        null,
        null,
        null,
        1,
        368,
        null,
        1,
        null,
        null
      ],
      "/Users/l/rp/apollo/spec/controllers/home_controller_spec.rb": [
        1,
        null,
        1,
        null,
        8,
        8,
        8,
        8,
        null,
        1,
        1,
        1,
        1,
        null,
        null,
        null,
        1,
        1,
        1,
        2,
        null,
        1,
        1,
        1,
        null,
        null,
        1,
        1,
        1,
        null,
        null,
        null,
        1,
        1,
        1,
        1,
        null,
        null,
        null,
        null,
        1,
        1,
        1,
        2,
        null,
        1,
        1,
        1,
        1,
        null,
        null,
        1,
        1,
        1,
        null,
        null,
        null,
        1,
        1,
        1,
        1,
        null,
        null,
        null,
        null,
        null
      ],
      "/Users/l/rp/apollo/app/controllers/home_controller.rb": [
        1,
        1,
        1,
        null,
        1,
        1,
        null,
        null,
        1,
        28,
        28,
        null,
        null,
        1,
        31,
        null,
        null,
        null,
        null,
        null,
        null,
        null
      ],
      "/Users/l/rp/apollo/spec/controllers/sessions_controller_spec.rb": [
        1,
        null,
        1,
        10,
        10,
        null,
        1,
        1,
        1,
        1,
        null,
        null,
        1,
        1,
        1,
        null,
        null,
        null,
        1,
        1,
        1,
        1,
        null,
        null,
        1,
        1,
        1,
        null,
        null,
        null,
        1,
        1,
        null,
        1,
        3,
        null,
        null,
        null,
        1,
        1,
        1,
        null,
        null,
        1,
        1,
        1,
        null,
        null,
        1,
        1,
        1,
        null,
        null,
        null,
        1,
        null,
        1,
        3,
        null,
        null,
        null,
        1,
        1,
        1,
        null,
        null,
        1,
        1,
        1,
        null,
        null,
        1,
        1,
        1,
        null,
        null,
        null,
        1,
        null,
        1,
        3,
        null,
        null,
        null,
        1,
        1,
        1,
        null,
        null,
        1,
        1,
        1,
        null,
        null,
        1,
        1,
        1,
        null,
        null,
        1,
        null,
        1,
        3,
        null,
        null,
        null,
        1,
        1,
        1,
        null,
        null,
        1,
        1,
        1,
        null,
        null,
        1,
        1,
        1,
        null,
        null,
        null,
        null,
        null,
        1,
        1,
        3,
        3,
        null,
        null,
        1,
        1,
        null,
        null,
        1,
        1,
        null,
        null,
        1,
        1,
        null,
        null,
        1,
        1,
        3,
        3,
        null,
        null,
        1,
        1,
        null,
        null,
        1,
        1,
        null,
        null,
        1,
        1,
        null,
        null,
        null
      ],
      "/Users/l/rp/apollo/app/controllers/sessions_controller.rb": [
        1,
        null,
        1,
        1,
        18,
        null,
        null,
        1,
        16,
        null,
        null,
        1,
        39,
        39,
        null,
        39,
        17,
        17,
        22,
        16,
        16,
        6,
        3,
        3,
        3,
        3,
        3,
        null,
        null,
        null,
        1,
        7,
        7,
        null,
        null,
        1,
        1,
        1,
        null,
        null
      ],
      "/Users/l/rp/apollo/spec/controllers/students_controller_spec.rb": [
        1,
        null,
        1,
        1,
        1,
        1,
        1,
        null,
        null,
        1,
        1,
        1,
        null,
        null,
        null,
        1,
        1,
        1,
        3,
        null,
        null,
        null,
        null,
        null,
        null,
        null,
        1,
        4,
        null,
        null,
        1,
        1,
        1,
        null,
        null,
        1,
        1,
        1,
        null,
        null,
        null,
        1,
        1,
        3,
        null,
        null,
        null,
        null,
        null,
        null,
        1,
        4,
        null,
        null,
        1,
        1,
        1,
        null,
        null,
        1,
        1,
        1,
        null,
        null,
        null,
        null,
        null
      ],
      "/Users/l/rp/apollo/app/controllers/students_controller.rb": [
        1,
        null,
        1,
        1,
        2,
        null,
        null,
        1,
        6,
        6,
        3,
        3,
        null,
        3,
        3,
        null,
        null,
        null,
        1,
        null,
        1,
        6,
        null,
        null,
        null,
        null
      ],
      "/Users/l/rp/apollo/spec/controllers/ta_help_request_controller_spec.rb": [
        1,
        null,
        1,
        null,
        6,
        5,
        6,
        null,
        1,
        1,
        1,
        1,
        1,
        null,
        null,
        null,
        null,
        1,
        2,
        1,
        1,
        1,
        1,
        null,
        null,
        null,
        1,
        1,
        3,
        1,
        1,
        0,
        null,
        null,
        null,
        null,
        null,
        null,
        null,
        1,
        2,
        null,
        1,
        1,
        null,
        null,
        null,
        1,
        1,
        1,
        null,
        null,
        1,
        4,
        null,
        null,
        null,
        null,
        null,
        null,
        1,
        2,
        2,
        1,
        null,
        null,
        null,
        null,
        null,
        1,
        1,
        4,
        null,
        null,
        null,
        null,
        null
      ],
      "/Users/l/rp/apollo/app/controllers/ta_help_requests_controller.rb": [
        1,
        null,
        1,
        1,
        null,
        1,
        28,
        null,
        28,
        null,
        1,
        28,
        null,
        28,
        null,
        1,
        2,
        2,
        null,
        null,
        0,
        0,
        null,
        null,
        null,
        1,
        0,
        0,
        null,
        0,
        0,
        null,
        null,
        null,
        1,
        1,
        2,
        null,
        1,
        2,
        2,
        null,
        null
      ],
      "/Users/l/rp/apollo/spec/controllers/ta_users_controller_spec.rb": [
        1,
        null,
        1,
        1,
        1,
        1,
        1,
        null,
        null,
        1,
        1,
        1,
        null,
        null,
        null,
        1,
        1,
        1,
        3,
        null,
        null,
        null,
        null,
        null,
        null,
        null,
        1,
        4,
        null,
        null,
        1,
        1,
        1,
        null,
        null,
        1,
        1,
        1,
        null,
        null,
        null,
        1,
        1,
        3,
        null,
        null,
        null,
        null,
        null,
        null,
        1,
        4,
        null,
        null,
        1,
        1,
        1,
        null,
        null,
        1,
        1,
        1,
        null,
        null,
        null,
        null,
        null
      ],
      "/Users/l/rp/apollo/app/controllers/ta_users_controller.rb": [
        1,
        null,
        1,
        1,
        2,
        null,
        null,
        1,
        6,
        6,
        3,
        3,
        null,
        3,
        3,
        null,
        null,
        null,
        1,
        0,
        0,
        0,
        null,
        0,
        0,
        null,
        null,
        null,
        1,
        null,
        1,
        6,
        null,
        null,
        null,
        null,
        null
      ],
      "/Users/l/rp/apollo/spec/features/help_request_spec.rb": [
        1,
        null,
        1,
        1,
        10,
        8,
        10,
        1,
        1,
        1,
        null,
        null,
        1,
        1,
        1,
        null,
        null,
        1,
        8,
        8,
        8,
        null,
        1,
        1,
        null,
        null,
        1,
        1,
        null,
        null,
        1,
        1,
        null,
        null,
        1,
        1,
        null,
        null,
        1,
        1,
        null,
        null,
        1,
        1,
        null,
        null,
        1,
        1,
        null,
        null,
        null,
        null,
        1,
        1,
        4,
        4,
        4,
        4,
        1,
        null,
        1,
        1,
        null,
        1,
        1,
        1,
        1,
        null,
        1,
        1,
        1,
        null,
        1,
        1,
        null,
        1,
        1,
        1,
        null,
        1,
        1,
        1,
        1,
        null,
        null,
        null,
        1,
        2,
        1,
        1,
        1,
        null,
        null,
        null,
        null
      ],
      "/Users/l/rp/apollo/spec/features/sessions_spec.rb": [
        1,
        null,
        1,
        1,
        3,
        null,
        1,
        1,
        1,
        1,
        1,
        1,
        null,
        null,
        1,
        1,
        1,
        1,
        null,
        null,
        null,
        1,
        3,
        null,
        1,
        1,
        1,
        1,
        1,
        1,
        null,
        null,
        1,
        1,
        1,
        1,
        null,
        null,
        null,
        null
      ],
      "/Users/l/rp/apollo/spec/features/ta_help_request_spec.rb": [
        1,
        null,
        1,
        null,
        1,
        6,
        10,
        10,
        10,
        null,
        1,
        1,
        null,
        null,
        1,
        1,
        null,
        null,
        1,
        1,
        null,
        null,
        1,
        1,
        null,
        null,
        1,
        6,
        null,
        1,
        1,
        null,
        null,
        1,
        1,
        null,
        null,
        1,
        1,
        null,
        null,
        1,
        1,
        null,
        null,
        1,
        1,
        null,
        null,
        null,
        null,
        1,
        3,
        3,
        3,
        3,
        3,
        3,
        1,
        null,
        1,
        1,
        1,
        null,
        null,
        1,
        1,
        1,
        1,
        null,
        null,
        null
      ],
      "/Users/l/rp/apollo/spec/models/help_request_spec.rb": [
        1,
        null,
        1,
        null,
        1,
        3,
        null,
        null,
        null,
        3,
        null,
        null,
        1,
        null,
        1,
        1,
        1,
        null,
        null,
        null,
        null,
        1,
        null,
        1,
        1,
        1,
        null,
        null,
        1,
        1,
        1,
        null,
        null,
        null,
        null,
        null
      ],
      "/Users/l/rp/apollo/app/models/help_request.rb": [
        1,
        1,
        1,
        1,
        null,
        1,
        6,
        null,
        null
      ],
      "/Users/l/rp/apollo/spec/models/student_spec.rb": [
        1,
        null,
        1,
        1,
        10,
        null,
        null,
        null,
        10,
        null,
        null,
        1,
        1,
        1,
        1,
        null,
        null,
        1,
        1,
        1,
        1,
        null,
        null,
        1,
        1,
        1,
        null,
        null,
        null,
        1,
        1,
        1,
        1,
        1,
        null,
        null,
        1,
        1,
        null,
        1,
        null,
        null,
        null,
        1,
        1,
        1,
        1,
        1,
        null,
        null,
        null,
        null,
        null,
        null
      ],
      "/Users/l/rp/apollo/app/models/student.rb": [
        1,
        1,
        1,
        null,
        1,
        null,
        null,
        1,
        69,
        68,
        null,
        1,
        null,
        null,
        null
      ],
      "/Users/l/rp/apollo/app/validators/email_format_validator.rb": [
        1,
        null,
        1,
        null,
        1,
        174,
        null,
        10,
        null,
        174,
        null,
        null,
        null
      ],
      "/Users/l/rp/apollo/spec/models/ta_user_spec.rb": [
        1,
        null,
        1,
        1,
        10,
        null,
        null,
        null,
        10,
        null,
        null,
        1,
        1,
        1,
        1,
        null,
        null,
        1,
        1,
        1,
        1,
        null,
        null,
        1,
        1,
        1,
        null,
        null,
        null,
        1,
        1,
        1,
        1,
        1,
        null,
        null,
        1,
        1,
        null,
        1,
        null,
        null,
        null,
        1,
        1,
        1,
        1,
        1,
        null,
        null,
        null,
        null,
        null,
        null
      ],
      "/Users/l/rp/apollo/app/models/ta_user.rb": [
        1,
        1,
        1,
        18,
        null,
        1,
        null,
        null,
        56,
        null,
        1,
        19,
        18,
        null,
        1,
        null,
        null,
        null
      ],
      "/Users/l/rp/apollo/app/serializers/help_request_serializer.rb": [
        1,
        1,
        null,
        1,
        37,
        null,
        1,
        37,
        null,
        1,
        37,
        null,
        1,
        37,
        null,
        null,
        null,
        null
      ],
      "/Users/l/rp/apollo/app/serializers/user_serializer.rb": [
        1,
        1,
        null,
        1,
        null
      ],
      "/Users/l/rp/apollo/app/serializers/ta_serializer.rb": [
        1,
        1,
        null,
        1,
        null
      ]
    },
    "timestamp": 1426801970
  }
}
